<?xml version="1.0" encoding="UTF-8"?>
<testng-results skipped="0" failed="0" ignored="0" total="1" passed="1">
  <reporter-output>
  </reporter-output>
  <suite name="Default suite" duration-ms="53451" started-at="2018-07-27T07:08:13Z" finished-at="2018-07-27T07:09:07Z">
    <groups>
    </groups>
    <test name="Default test" duration-ms="53451" started-at="2018-07-27T07:08:13Z" finished-at="2018-07-27T07:09:07Z">
      <class name="com.tests.NewTest8">
        <test-method status="PASS" signature="testLogin()[pri:0, instance:com.tests.NewTest8@5e5792a0]" name="testLogin" duration-ms="53417" started-at="2018-07-27T07:08:13Z" finished-at="2018-07-27T07:09:07Z">
          <reporter-output>
          </reporter-output>
        </test-method> <!-- testLogin -->
      </class> <!-- com.tests.NewTest8 -->
    </test> <!-- Default test -->
  </suite> <!-- Default suite -->
</testng-results>
